[      89ms] [ERROR] Failed to load resource: the server responded with a status of 403 (Forbidden) @ https://browser-intake-datadoghq.com/api/v2/rum?ddsource=browser&dd-api-key=local-dev-no-rum&dd-evp-origin-version=6.27.1&dd-evp-origin=browser&dd-request-id=2a2a56f2-425c-4207-8e11-733a0f462718&batch_time=1772049968969&_dd.api=beacon:0
[      95ms] [ERROR] Failed to load resource: the server responded with a status of 403 (Forbidden) @ https://browser-intake-datadoghq.com/api/v2/replay?ddsource=browser&dd-api-key=local-dev-no-rum&dd-evp-origin-version=6.27.1&dd-evp-origin=browser&dd-request-id=771789a0-3c6c-41ad-83c5-55c052f555db:0
[     266ms] [ERROR] WebSocket connection to 'ws://localhost:9090/?token=vn_fZS16BYV7' failed: Error during WebSocket handshake: net::ERR_INVALID_HTTP_RESPONSE @ http://localhost:9090/@vite/client:535
[     419ms] [ERROR] Failed to load resource: the server responded with a status of 404 (Not Found) @ http://localhost:9090/api/pages:0
[     420ms] Unexpected token '<', "<!DOCTYPE "... is not valid JSON
[     445ms] [ERROR] Failed to load resource: the server responded with a status of 403 (Forbidden) @ https://browser-intake-datadoghq.com/api/v2/rum?ddsource=browser&dd-api-key=local-dev-no-rum&dd-evp-origin-version=6.27.1&dd-evp-origin=browser&dd-request-id=7d4572cd-a8cf-484c-b781-743023417290&batch_time=1772049969324&_dd.api=fetch-keepalive:0
[     446ms] [ERROR] Failed to load resource: the server responded with a status of 403 (Forbidden) @ https://browser-intake-datadoghq.com/api/v2/rum?ddsource=browser&dd-api-key=local-dev-no-rum&dd-evp-origin-version=6.27.1&dd-evp-origin=browser&dd-request-id=75f1039c-9bff-4904-b8d0-9ff0ab2a95ba&batch_time=1772049969324&_dd.api=fetch-keepalive:0
[     446ms] [ERROR] Failed to load resource: the server responded with a status of 403 (Forbidden) @ https://browser-intake-datadoghq.com/api/v2/rum?ddsource=browser&dd-api-key=local-dev-no-rum&dd-evp-origin-version=6.27.1&dd-evp-origin=browser&dd-request-id=e922351f-b2da-4a28-a242-ef3b7d92d84a&batch_time=1772049969323&_dd.api=fetch-keepalive:0
[     447ms] [ERROR] Failed to load resource: the server responded with a status of 403 (Forbidden) @ https://browser-intake-datadoghq.com/api/v2/rum?ddsource=browser&dd-api-key=local-dev-no-rum&dd-evp-origin-version=6.27.1&dd-evp-origin=browser&dd-request-id=42ce28b3-660a-4738-8ac1-26feb0d9dbce&batch_time=1772049969328&_dd.api=fetch:0
[     449ms] [ERROR] Failed to load resource: the server responded with a status of 403 (Forbidden) @ https://browser-intake-datadoghq.com/api/v2/rum?ddsource=browser&dd-api-key=local-dev-no-rum&dd-evp-origin-version=6.27.1&dd-evp-origin=browser&dd-request-id=f94c74ae-3a66-40d5-bdc9-d20a22c38105&batch_time=1772049969325&_dd.api=fetch-keepalive:0
[     485ms] [ERROR] Failed to load resource: the server responded with a status of 404 (Not Found) @ http://localhost:9090/api/pages:0
[     485ms] Unexpected token '<', "<!DOCTYPE "... is not valid JSON
[     503ms] [ERROR] Failed to load resource: the server responded with a status of 403 (Forbidden) @ https://browser-intake-datadoghq.com/api/v2/rum?ddsource=browser&dd-api-key=local-dev-no-rum&dd-evp-origin-version=6.27.1&dd-evp-origin=browser&dd-request-id=3ed347c7-202c-418e-b3ec-93dbbaa22a9f&batch_time=1772049969382&_dd.api=fetch:0
[     504ms] [ERROR] Failed to load resource: the server responded with a status of 403 (Forbidden) @ https://browser-intake-datadoghq.com/api/v2/rum?ddsource=browser&dd-api-key=local-dev-no-rum&dd-evp-origin-version=6.27.1&dd-evp-origin=browser&dd-request-id=4274f514-97f6-488c-abf0-0cf0f29ab61a&batch_time=1772049969383&_dd.api=fetch:0
[     506ms] [ERROR] Failed to load resource: the server responded with a status of 403 (Forbidden) @ https://browser-intake-datadoghq.com/api/v2/rum?ddsource=browser&dd-api-key=local-dev-no-rum&dd-evp-origin-version=6.27.1&dd-evp-origin=browser&dd-request-id=f44c58f6-7a3a-4491-bcd1-76d848022cb6&batch_time=1772049969384&_dd.api=fetch-keepalive:0
[     507ms] [ERROR] Failed to load resource: the server responded with a status of 403 (Forbidden) @ https://browser-intake-datadoghq.com/api/v2/rum?ddsource=browser&dd-api-key=local-dev-no-rum&dd-evp-origin-version=6.27.1&dd-evp-origin=browser&dd-request-id=0749c05a-5b4e-4bd5-bafc-7ec4b45c153d&batch_time=1772049969382&_dd.api=fetch:0
[     507ms] [ERROR] Failed to load resource: the server responded with a status of 403 (Forbidden) @ https://browser-intake-datadoghq.com/api/v2/rum?ddsource=browser&dd-api-key=local-dev-no-rum&dd-evp-origin-version=6.27.1&dd-evp-origin=browser&dd-request-id=076a8949-8224-4a32-a8be-585aeffccbd3&batch_time=1772049969383&_dd.api=fetch-keepalive:0
[     562ms] [ERROR] Failed to load resource: the server responded with a status of 403 (Forbidden) @ https://browser-intake-datadoghq.com/api/v2/rum?ddsource=browser&dd-api-key=local-dev-no-rum&dd-evp-origin-version=6.27.1&dd-evp-origin=browser&dd-request-id=3baca817-6e12-4259-b8d7-c61361010e4a&batch_time=1772049969439&_dd.api=fetch-keepalive:0
[     563ms] [ERROR] Failed to load resource: the server responded with a status of 403 (Forbidden) @ https://browser-intake-datadoghq.com/api/v2/rum?ddsource=browser&dd-api-key=local-dev-no-rum&dd-evp-origin-version=6.27.1&dd-evp-origin=browser&dd-request-id=c1f6448a-1981-4a11-9270-d5f25550ff61&batch_time=1772049969440&_dd.api=fetch-keepalive:0
[     567ms] [ERROR] Failed to load resource: the server responded with a status of 403 (Forbidden) @ https://browser-intake-datadoghq.com/api/v2/rum?ddsource=browser&dd-api-key=local-dev-no-rum&dd-evp-origin-version=6.27.1&dd-evp-origin=browser&dd-request-id=1311f74d-e745-47fe-9d01-21b839e2de48&batch_time=1772049969443&_dd.api=fetch:0
[     571ms] [ERROR] Failed to load resource: the server responded with a status of 403 (Forbidden) @ https://browser-intake-datadoghq.com/api/v2/rum?ddsource=browser&dd-api-key=local-dev-no-rum&dd-evp-origin-version=6.27.1&dd-evp-origin=browser&dd-request-id=7f79e932-4a4a-4181-b3fa-e87ad5684975&batch_time=1772049969443&_dd.api=fetch:0
[     572ms] [ERROR] Failed to load resource: the server responded with a status of 403 (Forbidden) @ https://browser-intake-datadoghq.com/api/v2/rum?ddsource=browser&dd-api-key=local-dev-no-rum&dd-evp-origin-version=6.27.1&dd-evp-origin=browser&dd-request-id=f298c20e-b4fb-4bf3-b04b-c772fca1045c&batch_time=1772049969444&_dd.api=fetch:0
[     624ms] [ERROR] Failed to load resource: the server responded with a status of 403 (Forbidden) @ https://browser-intake-datadoghq.com/api/v2/rum?ddsource=browser&dd-api-key=local-dev-no-rum&dd-evp-origin-version=6.27.1&dd-evp-origin=browser&dd-request-id=e449e95e-6831-4647-8e72-27d5eb66ecf3&batch_time=1772049969498&_dd.api=fetch-keepalive:0
[     625ms] [ERROR] Failed to load resource: the server responded with a status of 403 (Forbidden) @ https://browser-intake-datadoghq.com/api/v2/rum?ddsource=browser&dd-api-key=local-dev-no-rum&dd-evp-origin-version=6.27.1&dd-evp-origin=browser&dd-request-id=364f645a-4bf4-4ccc-9822-eabc38da29ba&batch_time=1772049969498&_dd.api=fetch-keepalive:0
[     625ms] [ERROR] Failed to load resource: the server responded with a status of 403 (Forbidden) @ https://browser-intake-datadoghq.com/api/v2/rum?ddsource=browser&dd-api-key=local-dev-no-rum&dd-evp-origin-version=6.27.1&dd-evp-origin=browser&dd-request-id=a875946b-1e87-48a5-9a0d-af33cdde0b00&batch_time=1772049969503&_dd.api=fetch-keepalive:0
[     625ms] [ERROR] Failed to load resource: the server responded with a status of 403 (Forbidden) @ https://browser-intake-datadoghq.com/api/v2/rum?ddsource=browser&dd-api-key=local-dev-no-rum&dd-evp-origin-version=6.27.1&dd-evp-origin=browser&dd-request-id=004b5b79-c18a-4f07-a28b-ac7a8a007e39&batch_time=1772049969508&_dd.api=fetch:0
[     625ms] [ERROR] Failed to load resource: the server responded with a status of 403 (Forbidden) @ https://browser-intake-datadoghq.com/api/v2/rum?ddsource=browser&dd-api-key=local-dev-no-rum&dd-evp-origin-version=6.27.1&dd-evp-origin=browser&dd-request-id=b2b906bf-0a41-4dbe-9ce0-f6a23a6bd46a&batch_time=1772049969507&_dd.api=fetch-keepalive:0
[     659ms] [ERROR] WebSocket connection to 'ws://localhost:3000/?token=vn_fZS16BYV7' failed: Error during WebSocket handshake: Unexpected response code: 200 @ http://localhost:9090/@vite/client:535
[     659ms] [ERROR] [vite] failed to connect to websocket.
your current setup:
  (browser) localhost:9090/ <--[HTTP]--> localhost:3000/ (server)
  (browser) localhost:9090/ <--[WebSocket (failing)]--> localhost:3000/ (server)
Check out your Vite / network configuration and https://vite.dev/config/server-options.html#server-hmr . @ http://localhost:9090/node_modules/.vite/deps/chunk-IH5646ER.js?v=01dee030:3652
[     687ms] [ERROR] Failed to load resource: the server responded with a status of 403 (Forbidden) @ https://browser-intake-datadoghq.com/api/v2/rum?ddsource=browser&dd-api-key=local-dev-no-rum&dd-evp-origin-version=6.27.1&dd-evp-origin=browser&dd-request-id=6228d6eb-d08d-4302-a384-dcee507879cc&batch_time=1772049969560&_dd.api=fetch:0
[    5446ms] [ERROR] Failed to load resource: the server responded with a status of 403 (Forbidden) @ https://browser-intake-datadoghq.com/api/v2/replay?ddsource=browser&dd-api-key=local-dev-no-rum&dd-evp-origin-version=6.27.1&dd-evp-origin=browser&dd-request-id=a914780d-d01a-45fa-8245-d3e49d937eef:0
[   10420ms] [ERROR] Failed to load resource: the server responded with a status of 403 (Forbidden) @ https://browser-intake-datadoghq.com/api/v2/replay?ddsource=browser&dd-api-key=local-dev-no-rum&dd-evp-origin-version=6.27.1&dd-evp-origin=browser&dd-request-id=fe90d1a3-bff9-47ec-b469-6e90904cc4fb:0
[   16382ms] [ERROR] Failed to load resource: the server responded with a status of 403 (Forbidden) @ https://browser-intake-datadoghq.com/api/v2/replay?ddsource=browser&dd-api-key=local-dev-no-rum&dd-evp-origin-version=6.27.1&dd-evp-origin=browser&dd-request-id=875c6608-62de-4beb-8fb1-9a8b509cf5d0:0
[   22383ms] [ERROR] Failed to load resource: the server responded with a status of 403 (Forbidden) @ https://browser-intake-datadoghq.com/api/v2/replay?ddsource=browser&dd-api-key=local-dev-no-rum&dd-evp-origin-version=6.27.1&dd-evp-origin=browser&dd-request-id=7a717ad1-a675-4580-9a42-77037be57d56:0
[   28381ms] [ERROR] Failed to load resource: the server responded with a status of 403 (Forbidden) @ https://browser-intake-datadoghq.com/api/v2/replay?ddsource=browser&dd-api-key=local-dev-no-rum&dd-evp-origin-version=6.27.1&dd-evp-origin=browser&dd-request-id=dbbb2932-c074-4787-8a28-a95ad339be83:0
[   30417ms] [ERROR] Failed to load resource: the server responded with a status of 403 (Forbidden) @ https://browser-intake-datadoghq.com/api/v2/rum?ddsource=browser&dd-api-key=local-dev-no-rum&dd-evp-origin-version=6.27.1&dd-evp-origin=browser&dd-request-id=60001144-cc03-40b1-b739-8f69da945d3a&batch_time=1772049999333&_dd.api=fetch-keepalive:0
