[     268ms] [ERROR] WebSocket connection to 'ws://localhost:9090/?token=vn_fZS16BYV7' failed: Error during WebSocket handshake: net::ERR_INVALID_HTTP_RESPONSE @ http://localhost:9090/@vite/client:535
[     396ms] [ERROR] Failed to load resource: the server responded with a status of 404 (Not Found) @ http://localhost:9090/api/pages:0
[     397ms] Unexpected token '<', "<!DOCTYPE "... is not valid JSON
[     461ms] [ERROR] Failed to load resource: the server responded with a status of 404 (Not Found) @ http://localhost:9090/api/pages:0
[     461ms] Unexpected token '<', "<!DOCTYPE "... is not valid JSON
[    1249ms] [ERROR] Failed to load resource: the server responded with a status of 403 (Forbidden) @ https://browser-intake-datadoghq.com/api/v2/rum?ddsource=browser&dd-api-key=local-dev-no-rum&dd-evp-origin-version=6.27.1&dd-evp-origin=browser&dd-request-id=9f2e4ef0-3344-4d6e-b461-096ea1d0e1a5&batch_time=1772049966303&_dd.api=fetch:0
[    1251ms] [ERROR] Failed to load resource: the server responded with a status of 403 (Forbidden) @ https://browser-intake-datadoghq.com/api/v2/rum?ddsource=browser&dd-api-key=local-dev-no-rum&dd-evp-origin-version=6.27.1&dd-evp-origin=browser&dd-request-id=1788aa37-021d-4497-95c2-45f39c2e366a&batch_time=1772049966296&_dd.api=fetch-keepalive:0
[    1251ms] [ERROR] Failed to load resource: the server responded with a status of 403 (Forbidden) @ https://browser-intake-datadoghq.com/api/v2/rum?ddsource=browser&dd-api-key=local-dev-no-rum&dd-evp-origin-version=6.27.1&dd-evp-origin=browser&dd-request-id=c7fea442-093a-4f50-8d22-4025a868047a&batch_time=1772049966295&_dd.api=fetch-keepalive:0
[    1252ms] [ERROR] Failed to load resource: the server responded with a status of 403 (Forbidden) @ https://browser-intake-datadoghq.com/api/v2/rum?ddsource=browser&dd-api-key=local-dev-no-rum&dd-evp-origin-version=6.27.1&dd-evp-origin=browser&dd-request-id=46c4ea13-910d-462f-9819-bceb87de203a&batch_time=1772049966294&_dd.api=fetch-keepalive:0
[    1252ms] [ERROR] Failed to load resource: the server responded with a status of 403 (Forbidden) @ https://browser-intake-datadoghq.com/api/v2/rum?ddsource=browser&dd-api-key=local-dev-no-rum&dd-evp-origin-version=6.27.1&dd-evp-origin=browser&dd-request-id=9ff66c94-7824-4eef-9b65-d3834c0d13b0&batch_time=1772049966293&_dd.api=fetch-keepalive:0
[    1308ms] [ERROR] Failed to load resource: the server responded with a status of 403 (Forbidden) @ https://browser-intake-datadoghq.com/api/v2/rum?ddsource=browser&dd-api-key=local-dev-no-rum&dd-evp-origin-version=6.27.1&dd-evp-origin=browser&dd-request-id=f8ea15da-9e3a-49be-8a08-ba2a5d3d1ed4&batch_time=1772049966379&_dd.api=fetch:0
[    1311ms] [ERROR] Failed to load resource: the server responded with a status of 403 (Forbidden) @ https://browser-intake-datadoghq.com/api/v2/rum?ddsource=browser&dd-api-key=local-dev-no-rum&dd-evp-origin-version=6.27.1&dd-evp-origin=browser&dd-request-id=05c7a017-d4c6-415d-8911-6988428fc9cd&batch_time=1772049966379&_dd.api=fetch-keepalive:0
[    1311ms] [ERROR] Failed to load resource: the server responded with a status of 403 (Forbidden) @ https://browser-intake-datadoghq.com/api/v2/rum?ddsource=browser&dd-api-key=local-dev-no-rum&dd-evp-origin-version=6.27.1&dd-evp-origin=browser&dd-request-id=283766b7-4b17-496c-86b1-20fbdeaadb35&batch_time=1772049966378&_dd.api=fetch:0
[    1312ms] [ERROR] Failed to load resource: the server responded with a status of 403 (Forbidden) @ https://browser-intake-datadoghq.com/api/v2/rum?ddsource=browser&dd-api-key=local-dev-no-rum&dd-evp-origin-version=6.27.1&dd-evp-origin=browser&dd-request-id=a491d3e8-d044-4f4e-8737-2e122e94403f&batch_time=1772049966380&_dd.api=fetch-keepalive:0
[    1312ms] [ERROR] Failed to load resource: the server responded with a status of 403 (Forbidden) @ https://browser-intake-datadoghq.com/api/v2/rum?ddsource=browser&dd-api-key=local-dev-no-rum&dd-evp-origin-version=6.27.1&dd-evp-origin=browser&dd-request-id=7b14a98f-3f38-4076-a50e-a1c88dd9fdeb&batch_time=1772049966380&_dd.api=fetch:0
[    1360ms] [ERROR] Failed to load resource: the server responded with a status of 403 (Forbidden) @ https://browser-intake-datadoghq.com/api/v2/rum?ddsource=browser&dd-api-key=local-dev-no-rum&dd-evp-origin-version=6.27.1&dd-evp-origin=browser&dd-request-id=0719bba8-df1b-4563-8e4c-1ccf3d80cdcf&batch_time=1772049966436&_dd.api=fetch-keepalive:0
[    1363ms] [ERROR] Failed to load resource: the server responded with a status of 403 (Forbidden) @ https://browser-intake-datadoghq.com/api/v2/rum?ddsource=browser&dd-api-key=local-dev-no-rum&dd-evp-origin-version=6.27.1&dd-evp-origin=browser&dd-request-id=f26ea84b-2173-4219-ae25-c003eede34e4&batch_time=1772049966438&_dd.api=fetch-keepalive:0
[    1371ms] [ERROR] Failed to load resource: the server responded with a status of 403 (Forbidden) @ https://browser-intake-datadoghq.com/api/v2/rum?ddsource=browser&dd-api-key=local-dev-no-rum&dd-evp-origin-version=6.27.1&dd-evp-origin=browser&dd-request-id=bbd9a2ba-6313-441f-a0ac-92ee8e966b0b&batch_time=1772049966439&_dd.api=fetch:0
[    1372ms] [ERROR] Failed to load resource: the server responded with a status of 403 (Forbidden) @ https://browser-intake-datadoghq.com/api/v2/rum?ddsource=browser&dd-api-key=local-dev-no-rum&dd-evp-origin-version=6.27.1&dd-evp-origin=browser&dd-request-id=12c67535-03d4-44e2-8c3c-0ccaf5f1281e&batch_time=1772049966440&_dd.api=fetch:0
[    1377ms] [ERROR] Failed to load resource: the server responded with a status of 403 (Forbidden) @ https://browser-intake-datadoghq.com/api/v2/rum?ddsource=browser&dd-api-key=local-dev-no-rum&dd-evp-origin-version=6.27.1&dd-evp-origin=browser&dd-request-id=61f3aa67-009a-42cb-8ae5-74a81c764996&batch_time=1772049966440&_dd.api=fetch-keepalive:0
[    1417ms] [ERROR] Failed to load resource: the server responded with a status of 403 (Forbidden) @ https://browser-intake-datadoghq.com/api/v2/rum?ddsource=browser&dd-api-key=local-dev-no-rum&dd-evp-origin-version=6.27.1&dd-evp-origin=browser&dd-request-id=af207c73-0304-49f0-b14e-53db795b9986&batch_time=1772049966487&_dd.api=fetch-keepalive:0
[    1420ms] [ERROR] Failed to load resource: the server responded with a status of 403 (Forbidden) @ https://browser-intake-datadoghq.com/api/v2/rum?ddsource=browser&dd-api-key=local-dev-no-rum&dd-evp-origin-version=6.27.1&dd-evp-origin=browser&dd-request-id=80279612-3ae4-4fa7-af99-1bb191a9acfd&batch_time=1772049966491&_dd.api=fetch-keepalive:0
[    1429ms] [ERROR] Failed to load resource: the server responded with a status of 403 (Forbidden) @ https://browser-intake-datadoghq.com/api/v2/rum?ddsource=browser&dd-api-key=local-dev-no-rum&dd-evp-origin-version=6.27.1&dd-evp-origin=browser&dd-request-id=43162151-fdb0-46fd-a4e4-a505375cecf3&batch_time=1772049966500&_dd.api=fetch:0
[    1431ms] [ERROR] Failed to load resource: the server responded with a status of 403 (Forbidden) @ https://browser-intake-datadoghq.com/api/v2/rum?ddsource=browser&dd-api-key=local-dev-no-rum&dd-evp-origin-version=6.27.1&dd-evp-origin=browser&dd-request-id=d8f460aa-d1d9-40d6-bdbc-94e58e2c2729&batch_time=1772049966499&_dd.api=fetch-keepalive:0
[    1433ms] [ERROR] Failed to load resource: the server responded with a status of 403 (Forbidden) @ https://browser-intake-datadoghq.com/api/v2/rum?ddsource=browser&dd-api-key=local-dev-no-rum&dd-evp-origin-version=6.27.1&dd-evp-origin=browser&dd-request-id=ff573dd5-07cb-464d-8972-2ccbfa73a3bf&batch_time=1772049966505&_dd.api=fetch:0
[    1469ms] [ERROR] Failed to load resource: the server responded with a status of 403 (Forbidden) @ https://browser-intake-datadoghq.com/api/v2/rum?ddsource=browser&dd-api-key=local-dev-no-rum&dd-evp-origin-version=6.27.1&dd-evp-origin=browser&dd-request-id=ebc25aa8-1e83-4dad-b928-f358d58b55c7&batch_time=1772049966545&_dd.api=fetch-keepalive:0
[    2464ms] [ERROR] WebSocket connection to 'ws://localhost:3000/?token=vn_fZS16BYV7' failed: Error during WebSocket handshake: Unexpected response code: 200 @ http://localhost:9090/@vite/client:535
[    2464ms] [ERROR] [vite] failed to connect to websocket.
your current setup:
  (browser) localhost:9090/ <--[HTTP]--> localhost:3000/ (server)
  (browser) localhost:9090/ <--[WebSocket (failing)]--> localhost:3000/ (server)
Check out your Vite / network configuration and https://vite.dev/config/server-options.html#server-hmr . @ http://localhost:9090/node_modules/.vite/deps/chunk-IH5646ER.js?v=01dee030:3652
