[POST] https://browser-intake-datadoghq.com/api/v2/rum?ddsource=browser&dd-api-key=local-dev-no-rum&dd-evp-origin-version=6.27.1&dd-evp-origin=browser&dd-request-id=2a2a56f2-425c-4207-8e11-733a0f462718&batch_time=1772049968969&_dd.api=beacon => [403] Forbidden
[POST] https://browser-intake-datadoghq.com/api/v2/replay?ddsource=browser&dd-api-key=local-dev-no-rum&dd-evp-origin-version=6.27.1&dd-evp-origin=browser&dd-request-id=771789a0-3c6c-41ad-83c5-55c052f555db => [403] Forbidden
[GET] http://localhost:9090/services/discounts/flash-sale => [200] OK
[GET] http://localhost:9090/api/pages => [404] Not Found
[GET] http://localhost:9090/services/cart/cart => [200] OK
[GET] http://localhost:9090/services/discounts/flash-sale => [200] OK
[GET] http://localhost:9090/api/pages => [404] Not Found
[POST] http://localhost:9090/services/cart/cart => [200] OK
[GET] http://localhost:9090/services/cart/checkout/payment_methods => [200] OK
[GET] http://localhost:9090/services/cart/checkout/payment_methods => [200] OK
[POST] https://browser-intake-datadoghq.com/api/v2/rum?ddsource=browser&dd-api-key=local-dev-no-rum&dd-evp-origin-version=6.27.1&dd-evp-origin=browser&dd-request-id=e922351f-b2da-4a28-a242-ef3b7d92d84a&batch_time=1772049969323&_dd.api=fetch-keepalive => [403] Forbidden
[POST] https://browser-intake-datadoghq.com/api/v2/rum?ddsource=browser&dd-api-key=local-dev-no-rum&dd-evp-origin-version=6.27.1&dd-evp-origin=browser&dd-request-id=75f1039c-9bff-4904-b8d0-9ff0ab2a95ba&batch_time=1772049969324&_dd.api=fetch-keepalive => [403] Forbidden
[POST] https://browser-intake-datadoghq.com/api/v2/rum?ddsource=browser&dd-api-key=local-dev-no-rum&dd-evp-origin-version=6.27.1&dd-evp-origin=browser&dd-request-id=7d4572cd-a8cf-484c-b781-743023417290&batch_time=1772049969324&_dd.api=fetch-keepalive => [403] Forbidden
[POST] https://browser-intake-datadoghq.com/api/v2/rum?ddsource=browser&dd-api-key=local-dev-no-rum&dd-evp-origin-version=6.27.1&dd-evp-origin=browser&dd-request-id=f94c74ae-3a66-40d5-bdc9-d20a22c38105&batch_time=1772049969325&_dd.api=fetch-keepalive => [403] Forbidden
[POST] https://browser-intake-datadoghq.com/api/v2/rum?ddsource=browser&dd-api-key=local-dev-no-rum&dd-evp-origin-version=6.27.1&dd-evp-origin=browser&dd-request-id=5b393c3d-cf6c-4acd-9cac-b361a67616b6&batch_time=1772049969325&_dd.api=fetch-keepalive
[POST] https://browser-intake-datadoghq.com/api/v2/rum?ddsource=browser&dd-api-key=local-dev-no-rum&dd-evp-origin-version=6.27.1&dd-evp-origin=browser&dd-request-id=42ce28b3-660a-4738-8ac1-26feb0d9dbce&batch_time=1772049969328&_dd.api=fetch => [403] Forbidden
[POST] https://browser-intake-datadoghq.com/api/v2/rum?ddsource=browser&dd-api-key=local-dev-no-rum&dd-evp-origin-version=6.27.1&dd-evp-origin=browser&dd-request-id=92e2277e-3640-4bf7-9051-76552b2f4bd1&batch_time=1772049969381&_dd.api=fetch-keepalive
[POST] https://browser-intake-datadoghq.com/api/v2/rum?ddsource=browser&dd-api-key=local-dev-no-rum&dd-evp-origin-version=6.27.1&dd-evp-origin=browser&dd-request-id=ade78a37-566c-4b1e-a429-0f9a98d82f91&batch_time=1772049969381&_dd.api=fetch-keepalive
[POST] https://browser-intake-datadoghq.com/api/v2/rum?ddsource=browser&dd-api-key=local-dev-no-rum&dd-evp-origin-version=6.27.1&dd-evp-origin=browser&dd-request-id=779c92b9-2ac4-45f6-af42-a385e8cb7098&batch_time=1772049969382&_dd.api=fetch-keepalive
[POST] https://browser-intake-datadoghq.com/api/v2/rum?ddsource=browser&dd-api-key=local-dev-no-rum&dd-evp-origin-version=6.27.1&dd-evp-origin=browser&dd-request-id=0749c05a-5b4e-4bd5-bafc-7ec4b45c153d&batch_time=1772049969382&_dd.api=fetch => [403] Forbidden
[POST] https://browser-intake-datadoghq.com/api/v2/rum?ddsource=browser&dd-api-key=local-dev-no-rum&dd-evp-origin-version=6.27.1&dd-evp-origin=browser&dd-request-id=3ed347c7-202c-418e-b3ec-93dbbaa22a9f&batch_time=1772049969382&_dd.api=fetch => [403] Forbidden
[POST] https://browser-intake-datadoghq.com/api/v2/rum?ddsource=browser&dd-api-key=local-dev-no-rum&dd-evp-origin-version=6.27.1&dd-evp-origin=browser&dd-request-id=4274f514-97f6-488c-abf0-0cf0f29ab61a&batch_time=1772049969383&_dd.api=fetch => [403] Forbidden
[POST] https://browser-intake-datadoghq.com/api/v2/rum?ddsource=browser&dd-api-key=local-dev-no-rum&dd-evp-origin-version=6.27.1&dd-evp-origin=browser&dd-request-id=076a8949-8224-4a32-a8be-585aeffccbd3&batch_time=1772049969383&_dd.api=fetch-keepalive => [403] Forbidden
[POST] https://browser-intake-datadoghq.com/api/v2/rum?ddsource=browser&dd-api-key=local-dev-no-rum&dd-evp-origin-version=6.27.1&dd-evp-origin=browser&dd-request-id=f44c58f6-7a3a-4491-bcd1-76d848022cb6&batch_time=1772049969384&_dd.api=fetch-keepalive => [403] Forbidden
[POST] https://browser-intake-datadoghq.com/api/v2/rum?ddsource=browser&dd-api-key=local-dev-no-rum&dd-evp-origin-version=6.27.1&dd-evp-origin=browser&dd-request-id=3baca817-6e12-4259-b8d7-c61361010e4a&batch_time=1772049969439&_dd.api=fetch-keepalive => [403] Forbidden
[POST] https://browser-intake-datadoghq.com/api/v2/rum?ddsource=browser&dd-api-key=local-dev-no-rum&dd-evp-origin-version=6.27.1&dd-evp-origin=browser&dd-request-id=c1f6448a-1981-4a11-9270-d5f25550ff61&batch_time=1772049969440&_dd.api=fetch-keepalive => [403] Forbidden
[POST] https://browser-intake-datadoghq.com/api/v2/rum?ddsource=browser&dd-api-key=local-dev-no-rum&dd-evp-origin-version=6.27.1&dd-evp-origin=browser&dd-request-id=7d49a42a-79c4-4ee2-b7da-a11f98d442b5&batch_time=1772049969442&_dd.api=fetch-keepalive
[POST] https://browser-intake-datadoghq.com/api/v2/rum?ddsource=browser&dd-api-key=local-dev-no-rum&dd-evp-origin-version=6.27.1&dd-evp-origin=browser&dd-request-id=f5bcf5d8-ff4e-4823-8ce4-787996f8aa90&batch_time=1772049969442&_dd.api=fetch-keepalive
[POST] https://browser-intake-datadoghq.com/api/v2/rum?ddsource=browser&dd-api-key=local-dev-no-rum&dd-evp-origin-version=6.27.1&dd-evp-origin=browser&dd-request-id=3af8cd2a-d233-4ad1-b8e0-dc74e7f6c474&batch_time=1772049969443&_dd.api=fetch-keepalive
[POST] https://browser-intake-datadoghq.com/api/v2/rum?ddsource=browser&dd-api-key=local-dev-no-rum&dd-evp-origin-version=6.27.1&dd-evp-origin=browser&dd-request-id=1311f74d-e745-47fe-9d01-21b839e2de48&batch_time=1772049969443&_dd.api=fetch => [403] Forbidden
[POST] https://browser-intake-datadoghq.com/api/v2/rum?ddsource=browser&dd-api-key=local-dev-no-rum&dd-evp-origin-version=6.27.1&dd-evp-origin=browser&dd-request-id=7f79e932-4a4a-4181-b3fa-e87ad5684975&batch_time=1772049969443&_dd.api=fetch => [403] Forbidden
[POST] https://browser-intake-datadoghq.com/api/v2/rum?ddsource=browser&dd-api-key=local-dev-no-rum&dd-evp-origin-version=6.27.1&dd-evp-origin=browser&dd-request-id=f298c20e-b4fb-4bf3-b04b-c772fca1045c&batch_time=1772049969444&_dd.api=fetch => [403] Forbidden
[POST] https://browser-intake-datadoghq.com/api/v2/rum?ddsource=browser&dd-api-key=local-dev-no-rum&dd-evp-origin-version=6.27.1&dd-evp-origin=browser&dd-request-id=364f645a-4bf4-4ccc-9822-eabc38da29ba&batch_time=1772049969498&_dd.api=fetch-keepalive => [403] Forbidden
[POST] https://browser-intake-datadoghq.com/api/v2/rum?ddsource=browser&dd-api-key=local-dev-no-rum&dd-evp-origin-version=6.27.1&dd-evp-origin=browser&dd-request-id=e449e95e-6831-4647-8e72-27d5eb66ecf3&batch_time=1772049969498&_dd.api=fetch-keepalive => [403] Forbidden
[POST] https://browser-intake-datadoghq.com/api/v2/rum?ddsource=browser&dd-api-key=local-dev-no-rum&dd-evp-origin-version=6.27.1&dd-evp-origin=browser&dd-request-id=a875946b-1e87-48a5-9a0d-af33cdde0b00&batch_time=1772049969503&_dd.api=fetch-keepalive => [403] Forbidden
[POST] https://browser-intake-datadoghq.com/api/v2/rum?ddsource=browser&dd-api-key=local-dev-no-rum&dd-evp-origin-version=6.27.1&dd-evp-origin=browser&dd-request-id=b2b906bf-0a41-4dbe-9ce0-f6a23a6bd46a&batch_time=1772049969507&_dd.api=fetch-keepalive => [403] Forbidden
[POST] https://browser-intake-datadoghq.com/api/v2/rum?ddsource=browser&dd-api-key=local-dev-no-rum&dd-evp-origin-version=6.27.1&dd-evp-origin=browser&dd-request-id=40e475b0-6544-47e1-abd8-4e7ccd7d90ff&batch_time=1772049969508&_dd.api=fetch-keepalive
[POST] https://browser-intake-datadoghq.com/api/v2/rum?ddsource=browser&dd-api-key=local-dev-no-rum&dd-evp-origin-version=6.27.1&dd-evp-origin=browser&dd-request-id=004b5b79-c18a-4f07-a28b-ac7a8a007e39&batch_time=1772049969508&_dd.api=fetch => [403] Forbidden
[POST] https://browser-intake-datadoghq.com/api/v2/rum?ddsource=browser&dd-api-key=local-dev-no-rum&dd-evp-origin-version=6.27.1&dd-evp-origin=browser&dd-request-id=e4bb2004-25e9-4441-9dc0-cc8b3c06d167&batch_time=1772049969560&_dd.api=fetch-keepalive
[POST] https://browser-intake-datadoghq.com/api/v2/rum?ddsource=browser&dd-api-key=local-dev-no-rum&dd-evp-origin-version=6.27.1&dd-evp-origin=browser&dd-request-id=6228d6eb-d08d-4302-a384-dcee507879cc&batch_time=1772049969560&_dd.api=fetch => [403] Forbidden
[POST] https://browser-intake-datadoghq.com/api/v2/replay?ddsource=browser&dd-api-key=local-dev-no-rum&dd-evp-origin-version=6.27.1&dd-evp-origin=browser&dd-request-id=a914780d-d01a-45fa-8245-d3e49d937eef => [403] Forbidden
[POST] https://browser-intake-datadoghq.com/api/v2/replay?ddsource=browser&dd-api-key=local-dev-no-rum&dd-evp-origin-version=6.27.1&dd-evp-origin=browser&dd-request-id=fe90d1a3-bff9-47ec-b469-6e90904cc4fb => [403] Forbidden
[POST] https://browser-intake-datadoghq.com/api/v2/replay?ddsource=browser&dd-api-key=local-dev-no-rum&dd-evp-origin-version=6.27.1&dd-evp-origin=browser&dd-request-id=875c6608-62de-4beb-8fb1-9a8b509cf5d0 => [403] Forbidden
[POST] https://browser-intake-datadoghq.com/api/v2/replay?ddsource=browser&dd-api-key=local-dev-no-rum&dd-evp-origin-version=6.27.1&dd-evp-origin=browser&dd-request-id=7a717ad1-a675-4580-9a42-77037be57d56 => [403] Forbidden